<?xml version="1.0" encoding="UTF-8" ?>
<testsuite tests="13" failures="0" name="TestDecode.TestDecode" time="0.199" errors="0" skipped="0">
  <properties>
    <property name="idea.version" value="2022.3"/>
    <property name="java.runtime.name" value="OpenJDK Runtime Environment"/>
    <property name="sun.boot.library.path" value="C:\Users\Volodymyr\.jdks\corretto-1.8.0_352\jre\bin"/>
    <property name="java.vm.version" value="25.352-b08"/>
    <property name="java.vm.vendor" value="Amazon.com Inc."/>
    <property name="maven.multiModuleProjectDirectory" value="E:\project\TorrentDecoder"/>
    <property name="java.vendor.url" value="https://aws.amazon.com/corretto/"/>
    <property name="path.separator" value=";"/>
    <property name="guice.disable.misplaced.annotation.check" value="true"/>
    <property name="java.vm.name" value="OpenJDK 64-Bit Server VM"/>
    <property name="file.encoding.pkg" value="sun.io"/>
    <property name="user.script" value=""/>
    <property name="user.country" value="UA"/>
    <property name="sun.java.launcher" value="SUN_STANDARD"/>
    <property name="sun.os.patch.level" value=""/>
    <property name="java.vm.specification.name" value="Java Virtual Machine Specification"/>
    <property name="user.dir" value="E:\project\TorrentDecoder"/>
    <property name="java.runtime.version" value="1.8.0_352-b08"/>
    <property name="java.awt.graphicsenv" value="sun.awt.Win32GraphicsEnvironment"/>
    <property name="java.endorsed.dirs" value="C:\Users\Volodymyr\.jdks\corretto-1.8.0_352\jre\lib\endorsed"/>
    <property name="os.arch" value="amd64"/>
    <property name="java.io.tmpdir" value="C:\Users\VOLODY~1\AppData\Local\Temp\"/>
    <property name="line.separator" value="
"/>
    <property name="java.vm.specification.vendor" value="Oracle Corporation"/>
    <property name="user.variant" value=""/>
    <property name="os.name" value="Windows 8.1"/>
    <property name="maven.ext.class.path" value="E:\Program\idea\IntelliJ IDEA Community Edition 2021.3.1\plugins\maven\lib\maven-event-listener.jar"/>
    <property name="classworlds.conf" value="E:\Program\idea\IntelliJ IDEA Community Edition 2021.3.1\plugins\maven\lib\maven3\bin\m2.conf"/>
    <property name="sun.jnu.encoding" value="Cp1251"/>
    <property name="java.library.path" value="C:\Users\Volodymyr\.jdks\corretto-1.8.0_352\bin;C:\Windows\Sun\Java\bin;C:\Windows\system32;C:\Windows;C:\ProgramData\Oracle\Java\javapath;C:\Windows\system32;C:\Windows;C:\Windows\System32\Wbem;C:\Windows\System32\WindowsPowerShell\v1.0\;C:\Program Files (x86)\AMD\ATI.ACE\Core-Static;C:\Program Files\Git\cmd;E:\Program\nmap;."/>
    <property name="jansi.passthrough" value="true"/>
    <property name="maven.conf" value="E:\Program\idea\IntelliJ IDEA Community Edition 2021.3.1\plugins\maven\lib\maven3/conf"/>
    <property name="java.specification.name" value="Java Platform API Specification"/>
    <property name="java.class.version" value="52.0"/>
    <property name="sun.management.compiler" value="HotSpot 64-Bit Tiered Compilers"/>
    <property name="os.version" value="6.3"/>
    <property name="user.home" value="C:\Users\Volodymyr"/>
    <property name="user.timezone" value="Europe/Helsinki"/>
    <property name="java.awt.printerjob" value="sun.awt.windows.WPrinterJob"/>
    <property name="java.specification.version" value="1.8"/>
    <property name="file.encoding" value="UTF-8"/>
    <property name="user.name" value="Volodymyr"/>
    <property name="java.class.path" value="E:\Program\idea\IntelliJ IDEA Community Edition 2021.3.1\plugins\maven\lib\maven3\boot\plexus-classworlds-2.6.0.jar;E:\Program\idea\IntelliJ IDEA Community Edition 2021.3.1\plugins\maven\lib\maven3\boot\plexus-classworlds.license;E:\Program\idea\IntelliJ IDEA Community Edition 2021.3.1\lib\idea_rt.jar"/>
    <property name="java.vm.specification.version" value="1.8"/>
    <property name="sun.arch.data.model" value="64"/>
    <property name="java.home" value="C:\Users\Volodymyr\.jdks\corretto-1.8.0_352\jre"/>
    <property name="sun.java.command" value="org.codehaus.classworlds.Launcher -Didea.version=2022.3 clean install"/>
    <property name="java.specification.vendor" value="Oracle Corporation"/>
    <property name="user.language" value="uk"/>
    <property name="awt.toolkit" value="sun.awt.windows.WToolkit"/>
    <property name="java.vm.info" value="mixed mode"/>
    <property name="java.version" value="1.8.0_352"/>
    <property name="java.ext.dirs" value="C:\Users\Volodymyr\.jdks\corretto-1.8.0_352\jre\lib\ext;C:\Windows\Sun\Java\lib\ext"/>
    <property name="sun.boot.class.path" value="C:\Users\Volodymyr\.jdks\corretto-1.8.0_352\jre\lib\resources.jar;C:\Users\Volodymyr\.jdks\corretto-1.8.0_352\jre\lib\rt.jar;C:\Users\Volodymyr\.jdks\corretto-1.8.0_352\jre\lib\sunrsasign.jar;C:\Users\Volodymyr\.jdks\corretto-1.8.0_352\jre\lib\jsse.jar;C:\Users\Volodymyr\.jdks\corretto-1.8.0_352\jre\lib\jce.jar;C:\Users\Volodymyr\.jdks\corretto-1.8.0_352\jre\lib\charsets.jar;C:\Users\Volodymyr\.jdks\corretto-1.8.0_352\jre\lib\jfr.jar;C:\Users\Volodymyr\.jdks\corretto-1.8.0_352\jre\classes"/>
    <property name="java.vendor" value="Amazon.com Inc."/>
    <property name="java.specification.maintenance.version" value="4"/>
    <property name="maven.home" value="E:\Program\idea\IntelliJ IDEA Community Edition 2021.3.1\plugins\maven\lib\maven3"/>
    <property name="file.separator" value="\"/>
    <property name="java.vendor.url.bug" value="https://github.com/corretto/corretto-8/issues/"/>
    <property name="sun.cpu.endian" value="little"/>
    <property name="sun.io.unicode.encoding" value="UnicodeLittle"/>
    <property name="sun.desktop" value="windows"/>
    <property name="sun.cpu.isalist" value="amd64"/>
  </properties>
  <testcase classname="TestDecode.TestDecode" name="testEncoding" time="0.103"/>
  <testcase classname="TestDecode.TestDecode" name="testPiecesSize" time="0.024"/>
  <testcase classname="TestDecode.TestDecode" name="testDate" time="0"/>
  <testcase classname="TestDecode.TestDecode" name="testName" time="0"/>
  <testcase classname="TestDecode.TestDecode" name="testPublisherUrl" time="0.018"/>
  <testcase classname="TestDecode.TestDecode" name="testPrivate" time="0"/>
  <testcase classname="TestDecode.TestDecode" name="testFileSile" time="0.011"/>
  <testcase classname="TestDecode.TestDecode" name="testAnnounce" time="0.002"/>
  <testcase classname="TestDecode.TestDecode" name="testComment" time="0.01"/>
  <testcase classname="TestDecode.TestDecode" name="testInfoHash" time="0.006"/>
  <testcase classname="TestDecode.TestDecode" name="testAnnounceList" time="0.003"/>
  <testcase classname="TestDecode.TestDecode" name="testCreatedBy" time="0.022"/>
  <testcase classname="TestDecode.TestDecode" name="testPublisher" time="0"/>
</testsuite>